{"D:\\Design Patterns\\src\\entities\\Cube.ts": {"path":"D:\\Design Patterns\\src\\entities\\Cube.ts","statementMap":{"0":{"start":{"line":1,"column":0},"end":{"line":1,"column":32}},"1":{"start":{"line":10,"column":4},"end":{"line":10,"column":16}},"2":{"start":{"line":6,"column":11},"end":{"line":6,"column":24}},"3":{"start":{"line":7,"column":11},"end":{"line":7,"column":29}},"4":{"start":{"line":8,"column":20},"end":{"line":8,"column":32}},"5":{"start":{"line":14,"column":4},"end":{"line":14,"column":31}},"6":{"start":{"line":4,"column":0},"end":{"line":4,"column":13}}},"fnMap":{"0":{"name":"(anonymous_0)","decl":{"start":{"line":5,"column":2},"end":{"line":5,"column":null}},"loc":{"start":{"line":8,"column":32},"end":{"line":11,"column":3}}},"1":{"name":"(anonymous_1)","decl":{"start":{"line":13,"column":2},"end":{"line":13,"column":9}},"loc":{"start":{"line":13,"column":9},"end":{"line":15,"column":3}}}},"branchMap":{},"s":{"0":5,"1":17,"2":17,"3":17,"4":17,"5":8,"6":5},"f":{"0":17,"1":8},"b":{}}
,"D:\\Design Patterns\\src\\entities\\Oval.ts": {"path":"D:\\Design Patterns\\src\\entities\\Oval.ts","statementMap":{"0":{"start":{"line":2,"column":0},"end":{"line":2,"column":32}},"1":{"start":{"line":10,"column":4},"end":{"line":10,"column":16}},"2":{"start":{"line":6,"column":11},"end":{"line":6,"column":25}},"3":{"start":{"line":7,"column":11},"end":{"line":7,"column":29}},"4":{"start":{"line":8,"column":20},"end":{"line":8,"column":32}},"5":{"start":{"line":14,"column":4},"end":{"line":23,"column":6}},"6":{"start":{"line":4,"column":0},"end":{"line":4,"column":13}}},"fnMap":{"0":{"name":"(anonymous_0)","decl":{"start":{"line":5,"column":2},"end":{"line":5,"column":null}},"loc":{"start":{"line":8,"column":32},"end":{"line":11,"column":3}}},"1":{"name":"(anonymous_1)","decl":{"start":{"line":13,"column":2},"end":{"line":13,"column":9}},"loc":{"start":{"line":13,"column":9},"end":{"line":24,"column":3}}}},"branchMap":{"0":{"loc":{"start":{"line":15,"column":6},"end":{"line":22,"column":32}},"type":"binary-expr","locations":[{"start":{"line":15,"column":6},"end":{"line":15,"column":38}},{"start":{"line":16,"column":6},"end":{"line":16,"column":42}},{"start":{"line":17,"column":6},"end":{"line":17,"column":43}},{"start":{"line":18,"column":6},"end":{"line":18,"column":43}},{"start":{"line":19,"column":6},"end":{"line":19,"column":28}},{"start":{"line":20,"column":6},"end":{"line":20,"column":28}},{"start":{"line":21,"column":6},"end":{"line":21,"column":32}},{"start":{"line":22,"column":6},"end":{"line":22,"column":32}}]}},"s":{"0":4,"1":17,"2":17,"3":17,"4":17,"5":11,"6":4},"f":{"0":17,"1":11},"b":{"0":[11,10,9,6,4,4,4,4]}}
,"D:\\Design Patterns\\src\\entities\\Point.ts": {"path":"D:\\Design Patterns\\src\\entities\\Point.ts","statementMap":{"0":{"start":{"line":1,"column":0},"end":{"line":1,"column":68}},"1":{"start":{"line":5,"column":21},"end":{"line":5,"column":42}},"2":{"start":{"line":6,"column":4},"end":{"line":8,"column":5}},"3":{"start":{"line":6,"column":60},"end":{"line":6,"column":68}},"4":{"start":{"line":7,"column":6},"end":{"line":7,"column":63}},"5":{"start":{"line":12,"column":4},"end":{"line":12,"column":35}},"6":{"start":{"line":16,"column":4},"end":{"line":16,"column":35}},"7":{"start":{"line":20,"column":4},"end":{"line":20,"column":31}},"8":{"start":{"line":24,"column":4},"end":{"line":24,"column":31}},"9":{"start":{"line":28,"column":4},"end":{"line":28,"column":36}},"10":{"start":{"line":4,"column":0},"end":{"line":4,"column":13}}},"fnMap":{"0":{"name":"(anonymous_0)","decl":{"start":{"line":5,"column":2},"end":{"line":5,"column":21}},"loc":{"start":{"line":5,"column":42},"end":{"line":9,"column":3}}},"1":{"name":"(anonymous_1)","decl":{"start":{"line":6,"column":53},"end":{"line":6,"column":54}},"loc":{"start":{"line":6,"column":60},"end":{"line":6,"column":68}}},"2":{"name":"(anonymous_2)","decl":{"start":{"line":11,"column":2},"end":{"line":11,"column":14}},"loc":{"start":{"line":11,"column":14},"end":{"line":13,"column":3}}},"3":{"name":"(anonymous_3)","decl":{"start":{"line":15,"column":2},"end":{"line":15,"column":15}},"loc":{"start":{"line":15,"column":29},"end":{"line":17,"column":3}}},"4":{"name":"(anonymous_4)","decl":{"start":{"line":19,"column":2},"end":{"line":19,"column":6}},"loc":{"start":{"line":19,"column":7},"end":{"line":21,"column":3}}},"5":{"name":"(anonymous_5)","decl":{"start":{"line":23,"column":2},"end":{"line":23,"column":6}},"loc":{"start":{"line":23,"column":7},"end":{"line":25,"column":3}}},"6":{"name":"(anonymous_6)","decl":{"start":{"line":27,"column":2},"end":{"line":27,"column":6}},"loc":{"start":{"line":27,"column":7},"end":{"line":29,"column":3}}}},"branchMap":{"0":{"loc":{"start":{"line":6,"column":4},"end":{"line":8,"column":5}},"type":"if","locations":[{"start":{"line":6,"column":4},"end":{"line":8,"column":5}}]},"1":{"loc":{"start":{"line":6,"column":8},"end":{"line":6,"column":69}},"type":"binary-expr","locations":[{"start":{"line":6,"column":8},"end":{"line":6,"column":32}},{"start":{"line":6,"column":36},"end":{"line":6,"column":69}}]},"2":{"loc":{"start":{"line":28,"column":11},"end":{"line":28,"column":35}},"type":"binary-expr","locations":[{"start":{"line":28,"column":11},"end":{"line":28,"column":30}},{"start":{"line":28,"column":34},"end":{"line":28,"column":35}}]}},"s":{"0":9,"1":56,"2":56,"3":125,"4":4,"5":22,"6":59,"7":38,"8":30,"9":10,"10":9},"f":{"0":56,"1":125,"2":22,"3":59,"4":38,"5":30,"6":10},"b":{"0":[4],"1":[56,55],"2":[10,0]}}
,"D:\\Design Patterns\\src\\entities\\Shape.ts": {"path":"D:\\Design Patterns\\src\\entities\\Shape.ts","statementMap":{"0":{"start":{"line":3,"column":30},"end":{"line":3,"column":42}},"1":{"start":{"line":2,"column":0},"end":{"line":2,"column":22}}},"fnMap":{"0":{"name":"(anonymous_0)","decl":{"start":{"line":3,"column":2},"end":{"line":3,"column":30}},"loc":{"start":{"line":3,"column":42},"end":{"line":3,"column":46}}}},"branchMap":{},"s":{"0":34,"1":8},"f":{"0":34},"b":{}}
,"D:\\Design Patterns\\src\\exceptions\\InvalidShapeError.ts": {"path":"D:\\Design Patterns\\src\\exceptions\\InvalidShapeError.ts","statementMap":{"0":{"start":{"line":3,"column":6},"end":{"line":3,"column":21}},"1":{"start":{"line":4,"column":6},"end":{"line":4,"column":38}},"2":{"start":{"line":1,"column":0},"end":{"line":1,"column":13}}},"fnMap":{"0":{"name":"(anonymous_0)","decl":{"start":{"line":2,"column":4},"end":{"line":2,"column":16}},"loc":{"start":{"line":2,"column":31},"end":{"line":5,"column":5}}}},"branchMap":{},"s":{"0":5,"1":5,"2":9},"f":{"0":5},"b":{}}
,"D:\\Design Patterns\\src\\factories\\CubeFactory.ts": {"path":"D:\\Design Patterns\\src\\factories\\CubeFactory.ts","statementMap":{"0":{"start":{"line":1,"column":0},"end":{"line":1,"column":42}},"1":{"start":{"line":2,"column":0},"end":{"line":2,"column":40}},"2":{"start":{"line":4,"column":0},"end":{"line":4,"column":60}},"3":{"start":{"line":5,"column":0},"end":{"line":5,"column":68}},"4":{"start":{"line":9,"column":4},"end":{"line":33,"column":5}},"5":{"start":{"line":10,"column":22},"end":{"line":10,"column":33}},"6":{"start":{"line":11,"column":34},"end":{"line":11,"column":52}},"7":{"start":{"line":12,"column":25},"end":{"line":12,"column":44}},"8":{"start":{"line":14,"column":6},"end":{"line":14,"column":41}},"9":{"start":{"line":14,"column":29},"end":{"line":14,"column":41}},"10":{"start":{"line":16,"column":26},"end":{"line":16,"column":57}},"11":{"start":{"line":17,"column":6},"end":{"line":19,"column":7}},"12":{"start":{"line":17,"column":32},"end":{"line":17,"column":40}},"13":{"start":{"line":18,"column":8},"end":{"line":18,"column":69}},"14":{"start":{"line":21,"column":6},"end":{"line":23,"column":7}},"15":{"start":{"line":22,"column":8},"end":{"line":22,"column":20}},"16":{"start":{"line":25,"column":21},"end":{"line":25,"column":43}},"17":{"start":{"line":26,"column":19},"end":{"line":26,"column":78}},"18":{"start":{"line":27,"column":6},"end":{"line":27,"column":42}},"19":{"start":{"line":29,"column":6},"end":{"line":31,"column":7}},"20":{"start":{"line":30,"column":8},"end":{"line":30,"column":18}},"21":{"start":{"line":32,"column":6},"end":{"line":32,"column":18}},"22":{"start":{"line":7,"column":0},"end":{"line":7,"column":13}}},"fnMap":{"0":{"name":"(anonymous_0)","decl":{"start":{"line":8,"column":2},"end":{"line":8,"column":8}},"loc":{"start":{"line":8,"column":38},"end":{"line":34,"column":3}}},"1":{"name":"(anonymous_1)","decl":{"start":{"line":17,"column":27},"end":{"line":17,"column":28}},"loc":{"start":{"line":17,"column":32},"end":{"line":17,"column":40}}}},"branchMap":{"0":{"loc":{"start":{"line":14,"column":6},"end":{"line":14,"column":41}},"type":"if","locations":[{"start":{"line":14,"column":6},"end":{"line":14,"column":41}}]},"1":{"loc":{"start":{"line":17,"column":6},"end":{"line":19,"column":7}},"type":"if","locations":[{"start":{"line":17,"column":6},"end":{"line":19,"column":7}}]},"2":{"loc":{"start":{"line":21,"column":6},"end":{"line":23,"column":7}},"type":"if","locations":[{"start":{"line":21,"column":6},"end":{"line":23,"column":7}}]},"3":{"loc":{"start":{"line":27,"column":13},"end":{"line":27,"column":41}},"type":"cond-expr","locations":[{"start":{"line":27,"column":30},"end":{"line":27,"column":34}},{"start":{"line":27,"column":37},"end":{"line":27,"column":41}}]},"4":{"loc":{"start":{"line":29,"column":6},"end":{"line":31,"column":7}},"type":"if","locations":[{"start":{"line":29,"column":6},"end":{"line":31,"column":7}}]}},"s":{"0":2,"1":2,"2":2,"3":2,"4":11,"5":11,"6":11,"7":11,"8":11,"9":6,"10":5,"11":5,"12":14,"13":1,"14":4,"15":0,"16":4,"17":4,"18":4,"19":1,"20":1,"21":0,"22":2},"f":{"0":11,"1":14},"b":{"0":[6],"1":[1],"2":[0],"3":[2,2],"4":[1]}}
,"D:\\Design Patterns\\src\\factories\\OvalFactory.ts": {"path":"D:\\Design Patterns\\src\\factories\\OvalFactory.ts","statementMap":{"0":{"start":{"line":1,"column":0},"end":{"line":1,"column":42}},"1":{"start":{"line":2,"column":0},"end":{"line":2,"column":40}},"2":{"start":{"line":4,"column":0},"end":{"line":4,"column":60}},"3":{"start":{"line":5,"column":0},"end":{"line":5,"column":68}},"4":{"start":{"line":11,"column":4},"end":{"line":30,"column":5}},"5":{"start":{"line":12,"column":22},"end":{"line":12,"column":33}},"6":{"start":{"line":14,"column":6},"end":{"line":16,"column":7}},"7":{"start":{"line":15,"column":8},"end":{"line":15,"column":20}},"8":{"start":{"line":18,"column":29},"end":{"line":18,"column":47}},"9":{"start":{"line":19,"column":17},"end":{"line":19,"column":56}},"10":{"start":{"line":20,"column":17},"end":{"line":20,"column":56}},"11":{"start":{"line":22,"column":19},"end":{"line":22,"column":66}},"12":{"start":{"line":24,"column":6},"end":{"line":24,"column":42}},"13":{"start":{"line":26,"column":6},"end":{"line":28,"column":7}},"14":{"start":{"line":27,"column":8},"end":{"line":27,"column":18}},"15":{"start":{"line":29,"column":6},"end":{"line":29,"column":18}},"16":{"start":{"line":9,"column":0},"end":{"line":9,"column":13}}},"fnMap":{"0":{"name":"(anonymous_0)","decl":{"start":{"line":10,"column":2},"end":{"line":10,"column":8}},"loc":{"start":{"line":10,"column":38},"end":{"line":31,"column":3}}}},"branchMap":{"0":{"loc":{"start":{"line":14,"column":6},"end":{"line":16,"column":7}},"type":"if","locations":[{"start":{"line":14,"column":6},"end":{"line":16,"column":7}}]},"1":{"loc":{"start":{"line":24,"column":13},"end":{"line":24,"column":41}},"type":"cond-expr","locations":[{"start":{"line":24,"column":30},"end":{"line":24,"column":34}},{"start":{"line":24,"column":37},"end":{"line":24,"column":41}}]},"2":{"loc":{"start":{"line":26,"column":6},"end":{"line":28,"column":7}},"type":"if","locations":[{"start":{"line":26,"column":6},"end":{"line":28,"column":7}}]}},"s":{"0":2,"1":2,"2":2,"3":2,"4":12,"5":12,"6":11,"7":4,"8":7,"9":7,"10":7,"11":7,"12":7,"13":1,"14":0,"15":1,"16":2},"f":{"0":12},"b":{"0":[4],"1":[2,5],"2":[0]}}
,"D:\\Design Patterns\\src\\services\\CubeCalculator.ts": {"path":"D:\\Design Patterns\\src\\services\\CubeCalculator.ts","statementMap":{"0":{"start":{"line":4,"column":22},"end":{"line":4,"column":32}},"1":{"start":{"line":7,"column":14},"end":{"line":7,"column":34}},"2":{"start":{"line":8,"column":4},"end":{"line":8,"column":21}},"3":{"start":{"line":12,"column":14},"end":{"line":12,"column":34}},"4":{"start":{"line":13,"column":4},"end":{"line":13,"column":18}},"5":{"start":{"line":17,"column":14},"end":{"line":17,"column":34}},"6":{"start":{"line":18,"column":4},"end":{"line":18,"column":18}},"7":{"start":{"line":22,"column":4},"end":{"line":26,"column":6}},"8":{"start":{"line":3,"column":0},"end":{"line":3,"column":13}}},"fnMap":{"0":{"name":"(anonymous_0)","decl":{"start":{"line":4,"column":2},"end":{"line":4,"column":22}},"loc":{"start":{"line":4,"column":32},"end":{"line":4,"column":36}}},"1":{"name":"(anonymous_1)","decl":{"start":{"line":6,"column":2},"end":{"line":6,"column":9}},"loc":{"start":{"line":6,"column":9},"end":{"line":9,"column":3}}},"2":{"name":"(anonymous_2)","decl":{"start":{"line":11,"column":2},"end":{"line":11,"column":11}},"loc":{"start":{"line":11,"column":11},"end":{"line":14,"column":3}}},"3":{"name":"(anonymous_3)","decl":{"start":{"line":16,"column":2},"end":{"line":16,"column":14}},"loc":{"start":{"line":16,"column":14},"end":{"line":19,"column":3}}},"4":{"name":"(anonymous_4)","decl":{"start":{"line":21,"column":2},"end":{"line":21,"column":27}},"loc":{"start":{"line":21,"column":27},"end":{"line":27,"column":3}}}},"branchMap":{"0":{"loc":{"start":{"line":23,"column":6},"end":{"line":25,"column":30}},"type":"binary-expr","locations":[{"start":{"line":23,"column":6},"end":{"line":23,"column":30}},{"start":{"line":24,"column":6},"end":{"line":24,"column":30}},{"start":{"line":25,"column":6},"end":{"line":25,"column":30}}]}},"s":{"0":4,"1":2,"2":2,"3":2,"4":2,"5":2,"6":2,"7":3,"8":2},"f":{"0":4,"1":2,"2":2,"3":2,"4":3},"b":{"0":[3,1,1]}}
,"D:\\Design Patterns\\src\\services\\CubeVolumeSplitterService.ts": {"path":"D:\\Design Patterns\\src\\services\\CubeVolumeSplitterService.ts","statementMap":{"0":{"start":{"line":8,"column":22},"end":{"line":8,"column":32}},"1":{"start":{"line":23,"column":24},"end":{"line":23,"column":40}},"2":{"start":{"line":24,"column":14},"end":{"line":24,"column":34}},"3":{"start":{"line":26,"column":16},"end":{"line":26,"column":17}},"4":{"start":{"line":27,"column":16},"end":{"line":27,"column":17}},"5":{"start":{"line":29,"column":4},"end":{"line":68,"column":5}},"6":{"start":{"line":31,"column":8},"end":{"line":31,"column":60}},"7":{"start":{"line":31,"column":29},"end":{"line":31,"column":60}},"8":{"start":{"line":32,"column":8},"end":{"line":32,"column":64}},"9":{"start":{"line":32,"column":33},"end":{"line":32,"column":64}},"10":{"start":{"line":34,"column":19},"end":{"line":34,"column":33}},"11":{"start":{"line":35,"column":19},"end":{"line":35,"column":25}},"12":{"start":{"line":37,"column":8},"end":{"line":37,"column":27}},"13":{"start":{"line":38,"column":8},"end":{"line":38,"column":27}},"14":{"start":{"line":39,"column":8},"end":{"line":39,"column":14}},"15":{"start":{"line":43,"column":8},"end":{"line":43,"column":60}},"16":{"start":{"line":43,"column":29},"end":{"line":43,"column":60}},"17":{"start":{"line":44,"column":8},"end":{"line":44,"column":64}},"18":{"start":{"line":44,"column":33},"end":{"line":44,"column":64}},"19":{"start":{"line":46,"column":19},"end":{"line":46,"column":33}},"20":{"start":{"line":47,"column":19},"end":{"line":47,"column":25}},"21":{"start":{"line":49,"column":8},"end":{"line":49,"column":27}},"22":{"start":{"line":50,"column":8},"end":{"line":50,"column":27}},"23":{"start":{"line":51,"column":8},"end":{"line":51,"column":14}},"24":{"start":{"line":55,"column":8},"end":{"line":55,"column":60}},"25":{"start":{"line":55,"column":29},"end":{"line":55,"column":60}},"26":{"start":{"line":56,"column":8},"end":{"line":56,"column":64}},"27":{"start":{"line":56,"column":33},"end":{"line":56,"column":64}},"28":{"start":{"line":58,"column":19},"end":{"line":58,"column":33}},"29":{"start":{"line":59,"column":19},"end":{"line":59,"column":25}},"30":{"start":{"line":61,"column":8},"end":{"line":61,"column":27}},"31":{"start":{"line":62,"column":8},"end":{"line":62,"column":27}},"32":{"start":{"line":63,"column":8},"end":{"line":63,"column":14}},"33":{"start":{"line":67,"column":8},"end":{"line":67,"column":49}},"34":{"start":{"line":70,"column":4},"end":{"line":70,"column":35}},"35":{"start":{"line":80,"column":41},"end":{"line":80,"column":76}},"36":{"start":{"line":81,"column":20},"end":{"line":81,"column":24}},"37":{"start":{"line":83,"column":4},"end":{"line":83,"column":57}},"38":{"start":{"line":90,"column":18},"end":{"line":90,"column":31}},"39":{"start":{"line":91,"column":25},"end":{"line":91,"column":62}},"40":{"start":{"line":92,"column":25},"end":{"line":92,"column":62}},"41":{"start":{"line":94,"column":4},"end":{"line":99,"column":6}},"42":{"start":{"line":7,"column":0},"end":{"line":7,"column":13}}},"fnMap":{"0":{"name":"(anonymous_0)","decl":{"start":{"line":8,"column":2},"end":{"line":8,"column":22}},"loc":{"start":{"line":8,"column":32},"end":{"line":8,"column":36}}},"1":{"name":"(anonymous_1)","decl":{"start":{"line":17,"column":2},"end":{"line":17,"column":14}},"loc":{"start":{"line":17,"column":59},"end":{"line":71,"column":3}}},"2":{"name":"(anonymous_2)","decl":{"start":{"line":79,"column":2},"end":{"line":79,"column":18}},"loc":{"start":{"line":79,"column":63},"end":{"line":84,"column":3}}},"3":{"name":"(anonymous_3)","decl":{"start":{"line":89,"column":10},"end":{"line":89,"column":14}},"loc":{"start":{"line":89,"column":43},"end":{"line":100,"column":3}}}},"branchMap":{"0":{"loc":{"start":{"line":29,"column":4},"end":{"line":68,"column":5}},"type":"switch","locations":[{"start":{"line":30,"column":6},"end":{"line":40,"column":7}},{"start":{"line":42,"column":6},"end":{"line":52,"column":7}},{"start":{"line":54,"column":6},"end":{"line":64,"column":7}},{"start":{"line":66,"column":6},"end":{"line":67,"column":49}}]},"1":{"loc":{"start":{"line":31,"column":8},"end":{"line":31,"column":60}},"type":"if","locations":[{"start":{"line":31,"column":8},"end":{"line":31,"column":60}}]},"2":{"loc":{"start":{"line":32,"column":8},"end":{"line":32,"column":64}},"type":"if","locations":[{"start":{"line":32,"column":8},"end":{"line":32,"column":64}}]},"3":{"loc":{"start":{"line":43,"column":8},"end":{"line":43,"column":60}},"type":"if","locations":[{"start":{"line":43,"column":8},"end":{"line":43,"column":60}}]},"4":{"loc":{"start":{"line":44,"column":8},"end":{"line":44,"column":64}},"type":"if","locations":[{"start":{"line":44,"column":8},"end":{"line":44,"column":64}}]},"5":{"loc":{"start":{"line":55,"column":8},"end":{"line":55,"column":60}},"type":"if","locations":[{"start":{"line":55,"column":8},"end":{"line":55,"column":60}}]},"6":{"loc":{"start":{"line":56,"column":8},"end":{"line":56,"column":64}},"type":"if","locations":[{"start":{"line":56,"column":8},"end":{"line":56,"column":64}}]},"7":{"loc":{"start":{"line":91,"column":25},"end":{"line":91,"column":62}},"type":"cond-expr","locations":[{"start":{"line":91,"column":37},"end":{"line":91,"column":58}},{"start":{"line":91,"column":61},"end":{"line":91,"column":62}}]},"8":{"loc":{"start":{"line":92,"column":25},"end":{"line":92,"column":62}},"type":"cond-expr","locations":[{"start":{"line":92,"column":37},"end":{"line":92,"column":58}},{"start":{"line":92,"column":61},"end":{"line":92,"column":62}}]}},"s":{"0":7,"1":8,"2":8,"3":8,"4":8,"5":8,"6":4,"7":1,"8":3,"9":0,"10":3,"11":3,"12":3,"13":3,"14":3,"15":1,"16":0,"17":1,"18":1,"19":0,"20":0,"21":0,"22":0,"23":0,"24":2,"25":1,"26":1,"27":0,"28":1,"29":1,"30":1,"31":1,"32":1,"33":1,"34":4,"35":2,"36":2,"37":2,"38":7,"39":7,"40":7,"41":7,"42":2},"f":{"0":7,"1":8,"2":2,"3":7},"b":{"0":[4,1,2,1],"1":[1],"2":[0],"3":[0],"4":[1],"5":[1],"6":[0],"7":[6,1],"8":[6,1]}}
,"D:\\Design Patterns\\src\\services\\FileReaderService.ts": {"path":"D:\\Design Patterns\\src\\services\\FileReaderService.ts","statementMap":{"0":{"start":{"line":2,"column":0},"end":{"line":2,"column":36}},"1":{"start":{"line":3,"column":0},"end":{"line":3,"column":41}},"2":{"start":{"line":5,"column":0},"end":{"line":5,"column":55}},"3":{"start":{"line":6,"column":0},"end":{"line":6,"column":55}},"4":{"start":{"line":11,"column":4},"end":{"line":37,"column":5}},"5":{"start":{"line":12,"column":22},"end":{"line":12,"column":58}},"6":{"start":{"line":13,"column":20},"end":{"line":13,"column":100}},"7":{"start":{"line":13,"column":54},"end":{"line":13,"column":65}},"8":{"start":{"line":13,"column":84},"end":{"line":13,"column":99}},"9":{"start":{"line":15,"column":30},"end":{"line":15,"column":32}},"10":{"start":{"line":17,"column":6},"end":{"line":29,"column":7}},"11":{"start":{"line":18,"column":34},"end":{"line":18,"column":38}},"12":{"start":{"line":21,"column":8},"end":{"line":21,"column":89}},"13":{"start":{"line":23,"column":8},"end":{"line":28,"column":9}},"14":{"start":{"line":24,"column":10},"end":{"line":24,"column":29}},"15":{"start":{"line":25,"column":10},"end":{"line":25,"column":54}},"16":{"start":{"line":27,"column":10},"end":{"line":27,"column":57}},"17":{"start":{"line":31,"column":6},"end":{"line":31,"column":58}},"18":{"start":{"line":33,"column":6},"end":{"line":33,"column":20}},"19":{"start":{"line":35,"column":6},"end":{"line":35,"column":71}},"20":{"start":{"line":36,"column":6},"end":{"line":36,"column":16}},"21":{"start":{"line":9,"column":0},"end":{"line":9,"column":13}}},"fnMap":{"0":{"name":"(anonymous_0)","decl":{"start":{"line":10,"column":2},"end":{"line":10,"column":8}},"loc":{"start":{"line":10,"column":50},"end":{"line":38,"column":3}}},"1":{"name":"(anonymous_1)","decl":{"start":{"line":13,"column":44},"end":{"line":13,"column":45}},"loc":{"start":{"line":13,"column":54},"end":{"line":13,"column":65}}},"2":{"name":"(anonymous_2)","decl":{"start":{"line":13,"column":74},"end":{"line":13,"column":75}},"loc":{"start":{"line":13,"column":84},"end":{"line":13,"column":99}}}},"branchMap":{"0":{"loc":{"start":{"line":21,"column":16},"end":{"line":21,"column":88}},"type":"binary-expr","locations":[{"start":{"line":21,"column":16},"end":{"line":21,"column":50}},{"start":{"line":21,"column":54},"end":{"line":21,"column":88}}]},"1":{"loc":{"start":{"line":23,"column":8},"end":{"line":28,"column":9}},"type":"if","locations":[{"start":{"line":23,"column":8},"end":{"line":28,"column":9}},{"start":{"line":26,"column":15},"end":{"line":28,"column":9}}]}},"s":{"0":1,"1":1,"2":1,"3":1,"4":2,"5":2,"6":1,"7":4,"8":4,"9":1,"10":1,"11":4,"12":4,"13":4,"14":2,"15":2,"16":2,"17":1,"18":1,"19":1,"20":1,"21":1},"f":{"0":2,"1":4,"2":4},"b":{"0":[4,3],"1":[2,2]}}
,"D:\\Design Patterns\\src\\services\\OvalCalculator.ts": {"path":"D:\\Design Patterns\\src\\services\\OvalCalculator.ts","statementMap":{"0":{"start":{"line":4,"column":22},"end":{"line":4,"column":32}},"1":{"start":{"line":7,"column":14},"end":{"line":7,"column":103}},"2":{"start":{"line":8,"column":14},"end":{"line":8,"column":103}},"3":{"start":{"line":9,"column":4},"end":{"line":9,"column":27}},"4":{"start":{"line":13,"column":14},"end":{"line":13,"column":103}},"5":{"start":{"line":14,"column":14},"end":{"line":14,"column":103}},"6":{"start":{"line":15,"column":4},"end":{"line":15,"column":74}},"7":{"start":{"line":19,"column":15},"end":{"line":19,"column":100}},"8":{"start":{"line":20,"column":15},"end":{"line":20,"column":100}},"9":{"start":{"line":21,"column":4},"end":{"line":21,"column":21}},"10":{"start":{"line":25,"column":15},"end":{"line":25,"column":49}},"11":{"start":{"line":26,"column":15},"end":{"line":26,"column":49}},"12":{"start":{"line":27,"column":15},"end":{"line":27,"column":53}},"13":{"start":{"line":28,"column":15},"end":{"line":28,"column":53}},"14":{"start":{"line":30,"column":21},"end":{"line":30,"column":89}},"15":{"start":{"line":31,"column":21},"end":{"line":31,"column":89}},"16":{"start":{"line":33,"column":4},"end":{"line":33,"column":33}},"17":{"start":{"line":3,"column":0},"end":{"line":3,"column":13}}},"fnMap":{"0":{"name":"(anonymous_0)","decl":{"start":{"line":4,"column":2},"end":{"line":4,"column":22}},"loc":{"start":{"line":4,"column":32},"end":{"line":4,"column":36}}},"1":{"name":"(anonymous_1)","decl":{"start":{"line":6,"column":2},"end":{"line":6,"column":9}},"loc":{"start":{"line":6,"column":9},"end":{"line":10,"column":3}}},"2":{"name":"(anonymous_2)","decl":{"start":{"line":12,"column":2},"end":{"line":12,"column":14}},"loc":{"start":{"line":12,"column":14},"end":{"line":16,"column":3}}},"3":{"name":"(anonymous_3)","decl":{"start":{"line":18,"column":2},"end":{"line":18,"column":10}},"loc":{"start":{"line":18,"column":10},"end":{"line":22,"column":3}}},"4":{"name":"(anonymous_4)","decl":{"start":{"line":24,"column":2},"end":{"line":24,"column":23}},"loc":{"start":{"line":24,"column":40},"end":{"line":34,"column":3}}}},"branchMap":{"0":{"loc":{"start":{"line":30,"column":21},"end":{"line":30,"column":89}},"type":"binary-expr","locations":[{"start":{"line":30,"column":22},"end":{"line":30,"column":35}},{"start":{"line":30,"column":39},"end":{"line":30,"column":52}},{"start":{"line":30,"column":58},"end":{"line":30,"column":71}},{"start":{"line":30,"column":75},"end":{"line":30,"column":88}}]},"1":{"loc":{"start":{"line":31,"column":21},"end":{"line":31,"column":89}},"type":"binary-expr","locations":[{"start":{"line":31,"column":22},"end":{"line":31,"column":35}},{"start":{"line":31,"column":39},"end":{"line":31,"column":52}},{"start":{"line":31,"column":58},"end":{"line":31,"column":71}},{"start":{"line":31,"column":75},"end":{"line":31,"column":88}}]}},"s":{"0":8,"1":4,"2":4,"3":4,"4":2,"5":2,"6":2,"7":3,"8":3,"9":3,"10":5,"11":5,"12":5,"13":5,"14":5,"15":5,"16":5,"17":2},"f":{"0":8,"1":4,"2":2,"3":3,"4":5},"b":{"0":[5,4,1,0],"1":[5,3,3,1]}}
,"D:\\Design Patterns\\src\\validators\\CubeValidator.ts": {"path":"D:\\Design Patterns\\src\\validators\\CubeValidator.ts","statementMap":{"0":{"start":{"line":5,"column":20},"end":{"line":5,"column":31}},"1":{"start":{"line":6,"column":4},"end":{"line":6,"column":50}},"2":{"start":{"line":6,"column":37},"end":{"line":6,"column":50}},"3":{"start":{"line":8,"column":32},"end":{"line":8,"column":50}},"4":{"start":{"line":9,"column":19},"end":{"line":9,"column":50}},"5":{"start":{"line":10,"column":17},"end":{"line":10,"column":36}},"6":{"start":{"line":12,"column":4},"end":{"line":12,"column":56}},"7":{"start":{"line":12,"column":29},"end":{"line":12,"column":38}},"8":{"start":{"line":1,"column":0},"end":{"line":1,"column":13}},"9":{"start":{"line":2,"column":26},"end":{"line":2,"column":70}}},"fnMap":{"0":{"name":"(anonymous_0)","decl":{"start":{"line":4,"column":2},"end":{"line":4,"column":8}},"loc":{"start":{"line":4,"column":29},"end":{"line":13,"column":3}}},"1":{"name":"(anonymous_1)","decl":{"start":{"line":12,"column":24},"end":{"line":12,"column":25}},"loc":{"start":{"line":12,"column":29},"end":{"line":12,"column":38}}}},"branchMap":{"0":{"loc":{"start":{"line":6,"column":4},"end":{"line":6,"column":50}},"type":"if","locations":[{"start":{"line":6,"column":4},"end":{"line":6,"column":50}}]},"1":{"loc":{"start":{"line":12,"column":11},"end":{"line":12,"column":55}},"type":"binary-expr","locations":[{"start":{"line":12,"column":11},"end":{"line":12,"column":39}},{"start":{"line":12,"column":43},"end":{"line":12,"column":55}}]}},"s":{"0":8,"1":8,"2":3,"3":5,"4":5,"5":5,"6":5,"7":15,"8":3,"9":3},"f":{"0":8,"1":15},"b":{"0":[3],"1":[5,5]}}
,"D:\\Design Patterns\\src\\validators\\OvalValidator.ts": {"path":"D:\\Design Patterns\\src\\validators\\OvalValidator.ts","statementMap":{"0":{"start":{"line":6,"column":20},"end":{"line":6,"column":31}},"1":{"start":{"line":7,"column":4},"end":{"line":7,"column":50}},"2":{"start":{"line":7,"column":37},"end":{"line":7,"column":50}},"3":{"start":{"line":9,"column":27},"end":{"line":9,"column":45}},"4":{"start":{"line":10,"column":21},"end":{"line":10,"column":49}},"5":{"start":{"line":11,"column":21},"end":{"line":11,"column":49}},"6":{"start":{"line":13,"column":4},"end":{"line":13,"column":76}},"7":{"start":{"line":13,"column":31},"end":{"line":13,"column":40}},"8":{"start":{"line":13,"column":65},"end":{"line":13,"column":74}},"9":{"start":{"line":2,"column":0},"end":{"line":2,"column":13}},"10":{"start":{"line":3,"column":26},"end":{"line":3,"column":70}}},"fnMap":{"0":{"name":"(anonymous_0)","decl":{"start":{"line":5,"column":2},"end":{"line":5,"column":8}},"loc":{"start":{"line":5,"column":29},"end":{"line":14,"column":3}}},"1":{"name":"(anonymous_1)","decl":{"start":{"line":13,"column":26},"end":{"line":13,"column":27}},"loc":{"start":{"line":13,"column":31},"end":{"line":13,"column":40}}},"2":{"name":"(anonymous_2)","decl":{"start":{"line":13,"column":60},"end":{"line":13,"column":61}},"loc":{"start":{"line":13,"column":65},"end":{"line":13,"column":74}}}},"branchMap":{"0":{"loc":{"start":{"line":7,"column":4},"end":{"line":7,"column":50}},"type":"if","locations":[{"start":{"line":7,"column":4},"end":{"line":7,"column":50}}]},"1":{"loc":{"start":{"line":13,"column":11},"end":{"line":13,"column":75}},"type":"binary-expr","locations":[{"start":{"line":13,"column":11},"end":{"line":13,"column":41}},{"start":{"line":13,"column":45},"end":{"line":13,"column":75}}]}},"s":{"0":16,"1":16,"2":7,"3":9,"4":9,"5":9,"6":9,"7":19,"8":17,"9":3,"10":3},"f":{"0":16,"1":19,"2":17},"b":{"0":[7],"1":[9,9]}}
}
