TN:
SF:src\entities\Cube.ts
FN:5,(anonymous_0)
FN:13,(anonymous_1)
FNF:2
FNH:2
FNDA:17,(anonymous_0)
FNDA:8,(anonymous_1)
DA:1,5
DA:4,5
DA:6,17
DA:7,17
DA:8,17
DA:10,17
DA:14,8
LF:7
LH:7
BRF:0
BRH:0
end_of_record
TN:
SF:src\entities\Oval.ts
FN:5,(anonymous_0)
FN:13,(anonymous_1)
FNF:2
FNH:2
FNDA:17,(anonymous_0)
FNDA:11,(anonymous_1)
DA:2,4
DA:4,4
DA:6,17
DA:7,17
DA:8,17
DA:10,17
DA:14,11
LF:7
LH:7
BRDA:15,0,0,11
BRDA:15,0,1,10
BRDA:15,0,2,9
BRDA:15,0,3,6
BRDA:15,0,4,4
BRDA:15,0,5,4
BRDA:15,0,6,4
BRDA:15,0,7,4
BRF:8
BRH:8
end_of_record
TN:
SF:src\entities\Point.ts
FN:5,(anonymous_0)
FN:6,(anonymous_1)
FN:11,(anonymous_2)
FN:15,(anonymous_3)
FN:19,(anonymous_4)
FN:23,(anonymous_5)
FN:27,(anonymous_6)
FNF:7
FNH:7
FNDA:56,(anonymous_0)
FNDA:125,(anonymous_1)
FNDA:22,(anonymous_2)
FNDA:59,(anonymous_3)
FNDA:38,(anonymous_4)
FNDA:30,(anonymous_5)
FNDA:10,(anonymous_6)
DA:1,9
DA:4,9
DA:5,56
DA:6,125
DA:7,4
DA:12,22
DA:16,59
DA:20,38
DA:24,30
DA:28,10
LF:10
LH:10
BRDA:6,0,0,4
BRDA:6,1,0,56
BRDA:6,1,1,55
BRDA:28,2,0,10
BRDA:28,2,1,0
BRF:5
BRH:4
end_of_record
TN:
SF:src\entities\Shape.ts
FN:3,(anonymous_0)
FNF:1
FNH:1
FNDA:34,(anonymous_0)
DA:2,8
DA:3,34
LF:2
LH:2
BRF:0
BRH:0
end_of_record
TN:
SF:src\exceptions\InvalidShapeError.ts
FN:2,(anonymous_0)
FNF:1
FNH:1
FNDA:5,(anonymous_0)
DA:1,9
DA:3,5
DA:4,5
LF:3
LH:3
BRF:0
BRH:0
end_of_record
TN:
SF:src\factories\CubeFactory.ts
FN:8,(anonymous_0)
FN:17,(anonymous_1)
FNF:2
FNH:2
FNDA:11,(anonymous_0)
FNDA:14,(anonymous_1)
DA:1,2
DA:2,2
DA:4,2
DA:5,2
DA:7,2
DA:9,11
DA:10,11
DA:11,11
DA:12,11
DA:14,11
DA:16,5
DA:17,14
DA:18,1
DA:21,4
DA:22,0
DA:25,4
DA:26,4
DA:27,4
DA:29,1
DA:30,1
DA:32,0
LF:21
LH:19
BRDA:14,0,0,6
BRDA:17,1,0,1
BRDA:21,2,0,0
BRDA:27,3,0,2
BRDA:27,3,1,2
BRDA:29,4,0,1
BRF:6
BRH:5
end_of_record
TN:
SF:src\factories\OvalFactory.ts
FN:10,(anonymous_0)
FNF:1
FNH:1
FNDA:12,(anonymous_0)
DA:1,2
DA:2,2
DA:4,2
DA:5,2
DA:9,2
DA:11,12
DA:12,12
DA:14,11
DA:15,4
DA:18,7
DA:19,7
DA:20,7
DA:22,7
DA:24,7
DA:26,1
DA:27,0
DA:29,1
LF:17
LH:16
BRDA:14,0,0,4
BRDA:24,1,0,2
BRDA:24,1,1,5
BRDA:26,2,0,0
BRF:4
BRH:3
end_of_record
TN:
SF:src\services\CubeCalculator.ts
FN:4,(anonymous_0)
FN:6,(anonymous_1)
FN:11,(anonymous_2)
FN:16,(anonymous_3)
FN:21,(anonymous_4)
FNF:5
FNH:5
FNDA:4,(anonymous_0)
FNDA:2,(anonymous_1)
FNDA:2,(anonymous_2)
FNDA:2,(anonymous_3)
FNDA:3,(anonymous_4)
DA:3,2
DA:4,4
DA:7,2
DA:8,2
DA:12,2
DA:13,2
DA:17,2
DA:18,2
DA:22,3
LF:9
LH:9
BRDA:23,0,0,3
BRDA:23,0,1,1
BRDA:23,0,2,1
BRF:3
BRH:3
end_of_record
TN:
SF:src\services\CubeVolumeSplitterService.ts
FN:8,(anonymous_0)
FN:17,(anonymous_1)
FN:79,(anonymous_2)
FN:89,(anonymous_3)
FNF:4
FNH:4
FNDA:7,(anonymous_0)
FNDA:8,(anonymous_1)
FNDA:2,(anonymous_2)
FNDA:7,(anonymous_3)
DA:7,2
DA:8,7
DA:23,8
DA:24,8
DA:26,8
DA:27,8
DA:29,8
DA:31,4
DA:32,3
DA:34,3
DA:35,3
DA:37,3
DA:38,3
DA:39,3
DA:43,1
DA:44,1
DA:46,0
DA:47,0
DA:49,0
DA:50,0
DA:51,0
DA:55,2
DA:56,1
DA:58,1
DA:59,1
DA:61,1
DA:62,1
DA:63,1
DA:67,1
DA:70,4
DA:80,2
DA:81,2
DA:83,2
DA:90,7
DA:91,7
DA:92,7
DA:94,7
LF:37
LH:32
BRDA:29,0,0,4
BRDA:29,0,1,1
BRDA:29,0,2,2
BRDA:29,0,3,1
BRDA:31,1,0,1
BRDA:32,2,0,0
BRDA:43,3,0,0
BRDA:44,4,0,1
BRDA:55,5,0,1
BRDA:56,6,0,0
BRDA:91,7,0,6
BRDA:91,7,1,1
BRDA:92,8,0,6
BRDA:92,8,1,1
BRF:14
BRH:11
end_of_record
TN:
SF:src\services\FileReaderService.ts
FN:10,(anonymous_0)
FN:13,(anonymous_1)
FN:13,(anonymous_2)
FNF:3
FNH:3
FNDA:2,(anonymous_0)
FNDA:4,(anonymous_1)
FNDA:4,(anonymous_2)
DA:2,1
DA:3,1
DA:5,1
DA:6,1
DA:9,1
DA:11,2
DA:12,2
DA:13,4
DA:15,1
DA:17,1
DA:18,4
DA:21,4
DA:23,4
DA:24,2
DA:25,2
DA:27,2
DA:31,1
DA:33,1
DA:35,1
DA:36,1
LF:20
LH:20
BRDA:21,0,0,4
BRDA:21,0,1,3
BRDA:23,1,0,2
BRDA:23,1,1,2
BRF:4
BRH:4
end_of_record
TN:
SF:src\services\OvalCalculator.ts
FN:4,(anonymous_0)
FN:6,(anonymous_1)
FN:12,(anonymous_2)
FN:18,(anonymous_3)
FN:24,(anonymous_4)
FNF:5
FNH:5
FNDA:8,(anonymous_0)
FNDA:4,(anonymous_1)
FNDA:2,(anonymous_2)
FNDA:3,(anonymous_3)
FNDA:5,(anonymous_4)
DA:3,2
DA:4,8
DA:7,4
DA:8,4
DA:9,4
DA:13,2
DA:14,2
DA:15,2
DA:19,3
DA:20,3
DA:21,3
DA:25,5
DA:26,5
DA:27,5
DA:28,5
DA:30,5
DA:31,5
DA:33,5
LF:18
LH:18
BRDA:30,0,0,5
BRDA:30,0,1,4
BRDA:30,0,2,1
BRDA:30,0,3,0
BRDA:31,1,0,5
BRDA:31,1,1,3
BRDA:31,1,2,3
BRDA:31,1,3,1
BRF:8
BRH:7
end_of_record
TN:
SF:src\validators\CubeValidator.ts
FN:4,(anonymous_0)
FN:12,(anonymous_1)
FNF:2
FNH:2
FNDA:8,(anonymous_0)
FNDA:15,(anonymous_1)
DA:1,3
DA:2,3
DA:5,8
DA:6,8
DA:8,5
DA:9,5
DA:10,5
DA:12,15
LF:8
LH:8
BRDA:6,0,0,3
BRDA:12,1,0,5
BRDA:12,1,1,5
BRF:3
BRH:3
end_of_record
TN:
SF:src\validators\OvalValidator.ts
FN:5,(anonymous_0)
FN:13,(anonymous_1)
FN:13,(anonymous_2)
FNF:3
FNH:3
FNDA:16,(anonymous_0)
FNDA:19,(anonymous_1)
FNDA:17,(anonymous_2)
DA:2,3
DA:3,3
DA:6,16
DA:7,16
DA:9,9
DA:10,9
DA:11,9
DA:13,19
LF:8
LH:8
BRDA:7,0,0,7
BRDA:13,1,0,9
BRDA:13,1,1,9
BRF:3
BRH:3
end_of_record
